<?xml version="1.0" encoding="UTF-8"?>
<testng-results ignored="0" total="1" passed="1" failed="0" skipped="0">
  <reporter-output>
  </reporter-output>
  <suite started-at="2021-08-07T14:34:26Z" name="ebanking" finished-at="2021-08-07T14:35:25Z" duration-ms="59053">
    <groups>
    </groups>
    <test started-at="2021-08-07T14:34:26Z" name="BankingApp test" finished-at="2021-08-07T14:35:25Z" duration-ms="59053">
      <class name="com.ebanking.testCases.TC_AddCustomerTest_003">
        <test-method is-config="true" signature="setup(java.lang.String)[pri:0, instance:com.ebanking.testCases.TC_AddCustomerTest_003@37e4d7bb]" started-at="2021-08-07T14:34:28Z" name="setup" finished-at="2021-08-07T14:35:11Z" duration-ms="42595" status="PASS">
          <params>
            <param index="0">
              <value>
                <![CDATA[chrome]]>
              </value>
            </param>
          </params>
          <reporter-output>
          </reporter-output>
        </test-method> <!-- setup -->
        <test-method signature="addNewCustomer()[pri:0, instance:com.ebanking.testCases.TC_AddCustomerTest_003@37e4d7bb]" started-at="2021-08-07T14:35:11Z" name="addNewCustomer" finished-at="2021-08-07T14:35:23Z" duration-ms="12252" status="PASS">
          <reporter-output>
          </reporter-output>
        </test-method> <!-- addNewCustomer -->
        <test-method is-config="true" signature="tearAndDown()[pri:0, instance:com.ebanking.testCases.TC_AddCustomerTest_003@37e4d7bb]" started-at="2021-08-07T14:35:23Z" name="tearAndDown" finished-at="2021-08-07T14:35:25Z" duration-ms="1546" status="PASS">
          <reporter-output>
          </reporter-output>
        </test-method> <!-- tearAndDown -->
      </class> <!-- com.ebanking.testCases.TC_AddCustomerTest_003 -->
    </test> <!-- BankingApp test -->
  </suite> <!-- ebanking -->
</testng-results>
